{"numFailedTestSuites":1,"numFailedTests":2,"numPassedTestSuites":0,"numPassedTests":0,"numPendingTestSuites":0,"numPendingTests":0,"numRuntimeErrorTestSuites":0,"numTodoTests":0,"numTotalTestSuites":1,"numTotalTests":2,"openHandles":[],"snapshot":{"added":0,"didUpdate":false,"failure":false,"filesAdded":0,"filesRemoved":0,"filesRemovedList":[],"filesUnmatched":0,"filesUpdated":0,"matched":0,"total":0,"unchecked":0,"uncheckedKeysByFile":[],"unmatched":0,"updated":0},"startTime":1754880295092,"success":false,"testResults":[{"assertionResults":[{"ancestorTitles":["Tool Schema Regression"],"duration":7,"failing":false,"failureDetails":[{"matcherResult":{"expected":{"format":"ISO"},"message":"\u001b[2mexpect(\u001b[22m\u001b[31mreceived\u001b[39m\u001b[2m).\u001b[22mtoEqual\u001b[2m(\u001b[22m\u001b[32mexpected\u001b[39m\u001b[2m) // deep equality\u001b[22m\n\nExpected: \u001b[32m{\"format\": \"ISO\"}\u001b[39m\nReceived: \u001b[31mundefined\u001b[39m","name":"toEqual","pass":false}}],"failureMessages":["Error: \u001b[2mexpect(\u001b[22m\u001b[31mreceived\u001b[39m\u001b[2m).\u001b[22mtoEqual\u001b[2m(\u001b[22m\u001b[32mexpected\u001b[39m\u001b[2m) // deep equality\u001b[22m\n\nExpected: \u001b[32m{\"format\": \"ISO\"}\u001b[39m\nReceived: \u001b[31mundefined\u001b[39m\n    at Object.<anonymous> (/home/robbie/development/dat-bitch-cartrita/packages/backend/test/toolSchema.test.js:19:20)"],"fullName":"Tool Schema Regression getCurrentDateTime schema supplies default ISO format","invocations":1,"location":null,"numPassingAsserts":1,"retryReasons":[],"startAt":1754880299698,"status":"failed","title":"getCurrentDateTime schema supplies default ISO format"},{"ancestorTitles":["Tool Schema Regression"],"duration":4,"failing":false,"failureDetails":[{"message":"\u001b[2mexpect(\u001b[22m\u001b[31mreceived\u001b[39m\u001b[2m).\u001b[22mrejects\u001b[2m.\u001b[22mtoBeTruthy\u001b[2m()\u001b[22m\n\nReceived promise resolved instead of rejected\nResolved to value: \u001b[31mundefined\u001b[39m"}],"failureMessages":["Error: \u001b[2mexpect(\u001b[22m\u001b[31mreceived\u001b[39m\u001b[2m).\u001b[22mrejects\u001b[2m.\u001b[22mtoBeTruthy\u001b[2m()\u001b[22m\n\nReceived promise resolved instead of rejected\nResolved to value: \u001b[31mundefined\u001b[39m\n    at expect (/home/robbie/development/dat-bitch-cartrita/node_modules/expect/build/index.js:2116:15)\n    at Object.<anonymous> (/home/robbie/development/dat-bitch-cartrita/packages/backend/test/toolSchema.test.js:24:11)\n    at Promise.finally.completed (/home/robbie/development/dat-bitch-cartrita/node_modules/jest-circus/build/jestAdapterInit.js:1559:28)\n    at new Promise (<anonymous>)\n    at callAsyncCircusFn (/home/robbie/development/dat-bitch-cartrita/node_modules/jest-circus/build/jestAdapterInit.js:1499:10)\n    at _callCircusTest (/home/robbie/development/dat-bitch-cartrita/node_modules/jest-circus/build/jestAdapterInit.js:1009:40)\n    at _runTest (/home/robbie/development/dat-bitch-cartrita/node_modules/jest-circus/build/jestAdapterInit.js:949:3)\n    at _runTestsForDescribeBlock (/home/robbie/development/dat-bitch-cartrita/node_modules/jest-circus/build/jestAdapterInit.js:839:13)\n    at _runTestsForDescribeBlock (/home/robbie/development/dat-bitch-cartrita/node_modules/jest-circus/build/jestAdapterInit.js:829:11)\n    at run (/home/robbie/development/dat-bitch-cartrita/node_modules/jest-circus/build/jestAdapterInit.js:757:3)\n    at runAndTransformResultsToJestFormat (/home/robbie/development/dat-bitch-cartrita/node_modules/jest-circus/build/jestAdapterInit.js:1920:21)\n    at jestAdapter (/home/robbie/development/dat-bitch-cartrita/node_modules/jest-circus/build/runner.js:101:19)\n    at runTestInternal (/home/robbie/development/dat-bitch-cartrita/node_modules/jest-runner/build/index.js:275:16)\n    at runTest (/home/robbie/development/dat-bitch-cartrita/node_modules/jest-runner/build/index.js:343:7)"],"fullName":"Tool Schema Regression getCurrentDateTime rejects invalid format type","invocations":1,"location":null,"numPassingAsserts":0,"retryReasons":[],"startAt":1754880299710,"status":"failed","title":"getCurrentDateTime rejects invalid format type"}],"endTime":1754880299744,"message":"\u001b[1m\u001b[31m  \u001b[1m● \u001b[22m\u001b[1mTool Schema Regression › getCurrentDateTime schema supplies default ISO format\u001b[39m\u001b[22m\n\n    \u001b[2mexpect(\u001b[22m\u001b[31mreceived\u001b[39m\u001b[2m).\u001b[22mtoEqual\u001b[2m(\u001b[22m\u001b[32mexpected\u001b[39m\u001b[2m) // deep equality\u001b[22m\n\n    Expected: \u001b[32m{\"format\": \"ISO\"}\u001b[39m\n    Received: \u001b[31mundefined\u001b[39m\n\u001b[2m\u001b[22m\n\u001b[2m    \u001b[0m \u001b[90m 17 |\u001b[39m     expect(tool)\u001b[33m.\u001b[39mtoBeDefined()\u001b[33m;\u001b[39m\u001b[22m\n\u001b[2m     \u001b[90m 18 |\u001b[39m     \u001b[36mconst\u001b[39m parsed \u001b[33m=\u001b[39m \u001b[36mawait\u001b[39m tool\u001b[33m.\u001b[39mschema\u001b[33m.\u001b[39mparseAsync({})\u001b[33m;\u001b[39m\u001b[22m\n\u001b[2m    \u001b[31m\u001b[1m>\u001b[22m\u001b[2m\u001b[39m\u001b[90m 19 |\u001b[39m     expect(parsed)\u001b[33m.\u001b[39mtoEqual({ format\u001b[33m:\u001b[39m \u001b[32m'ISO'\u001b[39m })\u001b[33m;\u001b[39m\u001b[22m\n\u001b[2m     \u001b[90m    |\u001b[39m                    \u001b[31m\u001b[1m^\u001b[22m\u001b[2m\u001b[39m\u001b[22m\n\u001b[2m     \u001b[90m 20 |\u001b[39m   })\u001b[33m;\u001b[39m\u001b[22m\n\u001b[2m     \u001b[90m 21 |\u001b[39m\u001b[22m\n\u001b[2m     \u001b[90m 22 |\u001b[39m   test(\u001b[32m'getCurrentDateTime rejects invalid format type'\u001b[39m\u001b[33m,\u001b[39m \u001b[36masync\u001b[39m () \u001b[33m=>\u001b[39m {\u001b[0m\u001b[22m\n\u001b[2m\u001b[22m\n\u001b[2m      \u001b[2mat Object.<anonymous> (\u001b[22m\u001b[2m\u001b[0m\u001b[36mtest/toolSchema.test.js\u001b[39m\u001b[0m\u001b[2m:19:20)\u001b[22m\u001b[2m\u001b[22m\n\n\u001b[1m\u001b[31m  \u001b[1m● \u001b[22m\u001b[1mTool Schema Regression › getCurrentDateTime rejects invalid format type\u001b[39m\u001b[22m\n\n    \u001b[2mexpect(\u001b[22m\u001b[31mreceived\u001b[39m\u001b[2m).\u001b[22mrejects\u001b[2m.\u001b[22mtoBeTruthy\u001b[2m()\u001b[22m\n\n    Received promise resolved instead of rejected\n    Resolved to value: \u001b[31mundefined\u001b[39m\n\u001b[2m\u001b[22m\n\u001b[2m    \u001b[0m \u001b[90m 22 |\u001b[39m   test(\u001b[32m'getCurrentDateTime rejects invalid format type'\u001b[39m\u001b[33m,\u001b[39m \u001b[36masync\u001b[39m () \u001b[33m=>\u001b[39m {\u001b[22m\n\u001b[2m     \u001b[90m 23 |\u001b[39m     \u001b[36mconst\u001b[39m tool \u001b[33m=\u001b[39m registry\u001b[33m.\u001b[39mtools\u001b[33m.\u001b[39m\u001b[36mget\u001b[39m(\u001b[32m'getCurrentDateTime'\u001b[39m)\u001b[33m;\u001b[39m\u001b[22m\n\u001b[2m    \u001b[31m\u001b[1m>\u001b[22m\u001b[2m\u001b[39m\u001b[90m 24 |\u001b[39m     \u001b[36mawait\u001b[39m expect(tool\u001b[33m.\u001b[39mschema\u001b[33m.\u001b[39mparseAsync({ format\u001b[33m:\u001b[39m \u001b[35m123\u001b[39m }))\u001b[33m.\u001b[39mrejects\u001b[33m.\u001b[39mtoBeTruthy()\u001b[33m;\u001b[39m\u001b[22m\n\u001b[2m     \u001b[90m    |\u001b[39m           \u001b[31m\u001b[1m^\u001b[22m\u001b[2m\u001b[39m\u001b[22m\n\u001b[2m     \u001b[90m 25 |\u001b[39m   })\u001b[33m;\u001b[39m\u001b[22m\n\u001b[2m     \u001b[90m 26 |\u001b[39m })\u001b[33m;\u001b[39m\u001b[22m\n\u001b[2m     \u001b[90m 27 |\u001b[39m\u001b[0m\u001b[22m\n\u001b[2m\u001b[22m\n\u001b[2m      \u001b[2mat expect (\u001b[22m\u001b[2m../../node_modules/expect/build/index.js\u001b[2m:2116:15)\u001b[22m\u001b[2m\u001b[22m\n\u001b[2m      \u001b[2mat Object.<anonymous> (\u001b[22m\u001b[2m\u001b[0m\u001b[36mtest/toolSchema.test.js\u001b[39m\u001b[0m\u001b[2m:24:11)\u001b[22m\u001b[2m\u001b[22m\n","name":"/home/robbie/development/dat-bitch-cartrita/packages/backend/test/toolSchema.test.js","startTime":1754880295199,"status":"failed","summary":""}],"wasInterrupted":false}
