{"numFailedTestSuites":0,"numFailedTests":0,"numPassedTestSuites":1,"numPassedTests":2,"numPendingTestSuites":0,"numPendingTests":0,"numRuntimeErrorTestSuites":0,"numTodoTests":0,"numTotalTestSuites":1,"numTotalTests":2,"openHandles":[],"snapshot":{"added":0,"didUpdate":false,"failure":false,"filesAdded":0,"filesRemoved":0,"filesRemovedList":[],"filesUnmatched":0,"filesUpdated":0,"matched":0,"total":0,"unchecked":0,"uncheckedKeysByFile":[],"unmatched":0,"updated":0},"startTime":1754880401803,"success":true,"testResults":[{"assertionResults":[{"ancestorTitles":["Tool Schema Regression"],"duration":8,"failing":false,"failureDetails":[],"failureMessages":[],"fullName":"Tool Schema Regression getCurrentDateTime schema supplies default ISO format","invocations":1,"location":null,"numPassingAsserts":3,"retryReasons":[],"startAt":1754880406491,"status":"passed","title":"getCurrentDateTime schema supplies default ISO format"},{"ancestorTitles":["Tool Schema Regression"],"duration":5,"failing":false,"failureDetails":[],"failureMessages":[],"fullName":"Tool Schema Regression getCurrentDateTime rejects invalid format type","invocations":1,"location":null,"numPassingAsserts":1,"retryReasons":[],"startAt":1754880406502,"status":"passed","title":"getCurrentDateTime rejects invalid format type"}],"endTime":1754880406508,"message":"","name":"/home/robbie/development/dat-bitch-cartrita/packages/backend/test/toolSchema.test.js","startTime":1754880401918,"status":"passed","summary":""}],"wasInterrupted":false}
