{"numFailedTestSuites":0,"numFailedTests":0,"numPassedTestSuites":3,"numPassedTests":6,"numPendingTestSuites":0,"numPendingTests":0,"numRuntimeErrorTestSuites":0,"numTodoTests":0,"numTotalTestSuites":3,"numTotalTests":6,"openHandles":[],"snapshot":{"added":0,"didUpdate":false,"failure":false,"filesAdded":0,"filesRemoved":0,"filesRemovedList":[],"filesUnmatched":0,"filesUpdated":0,"matched":0,"total":0,"unchecked":0,"uncheckedKeysByFile":[],"unmatched":0,"updated":0},"startTime":1754880496744,"success":true,"testResults":[{"assertionResults":[{"ancestorTitles":["Tool Schema Regression"],"duration":4,"failing":false,"failureDetails":[],"failureMessages":[],"fullName":"Tool Schema Regression getCurrentDateTime schema supplies default ISO format","invocations":1,"location":null,"numPassingAsserts":3,"retryReasons":[],"startAt":1754880501436,"status":"passed","title":"getCurrentDateTime schema supplies default ISO format"},{"ancestorTitles":["Tool Schema Regression"],"duration":8,"failing":false,"failureDetails":[],"failureMessages":[],"fullName":"Tool Schema Regression getCurrentDateTime rejects invalid format type","invocations":1,"location":null,"numPassingAsserts":1,"retryReasons":[],"startAt":1754880501443,"status":"passed","title":"getCurrentDateTime rejects invalid format type"}],"endTime":1754880501453,"message":"","name":"/home/robbie/development/dat-bitch-cartrita/packages/backend/test/toolSchema.test.js","startTime":1754880496861,"status":"passed","summary":""},{"assertionResults":[{"ancestorTitles":["Basic route smoke tests"],"duration":147,"failing":false,"failureDetails":[],"failureMessages":[],"fullName":"Basic route smoke tests GET /health returns ok","invocations":1,"location":null,"numPassingAsserts":2,"retryReasons":[],"startAt":1754880505241,"status":"passed","title":"GET /health returns ok"},{"ancestorTitles":["Basic route smoke tests"],"duration":49,"failing":false,"failureDetails":[],"failureMessages":[],"fullName":"Basic route smoke tests POST /api/voice/transcribe rejects without auth when missing audio","invocations":1,"location":null,"numPassingAsserts":1,"retryReasons":[],"startAt":1754880505389,"status":"passed","title":"POST /api/voice/transcribe rejects without auth when missing audio"}],"endTime":1754880505440,"message":"","name":"/home/robbie/development/dat-bitch-cartrita/packages/backend/test/basicRoutes.test.js","startTime":1754880501719,"status":"passed","summary":""},{"assertionResults":[{"ancestorTitles":["Workflow Executions Routes (placeholder)"],"duration":5,"failing":false,"failureDetails":[],"failureMessages":[],"fullName":"Workflow Executions Routes (placeholder) should construct dynamic filter SQL safely (placeholder)","invocations":1,"location":null,"numPassingAsserts":0,"retryReasons":[],"startAt":1754880505639,"status":"passed","title":"should construct dynamic filter SQL safely (placeholder)"},{"ancestorTitles":["Workflow Executions Routes (placeholder)"],"duration":6,"failing":false,"failureDetails":[],"failureMessages":[],"fullName":"Workflow Executions Routes (placeholder) aggregate reduction should produce key map (placeholder)","invocations":1,"location":null,"numPassingAsserts":0,"retryReasons":[],"startAt":1754880505647,"status":"passed","title":"aggregate reduction should produce key map (placeholder)"}],"endTime":1754880505655,"message":"","name":"/home/robbie/development/dat-bitch-cartrita/packages/backend/test/workflowExecutions.test.js","startTime":1754880505478,"status":"passed","summary":""}],"wasInterrupted":false}
